<?xml version="1.0" encoding="UTF-8"?>
<testng-results ignored="0" total="1" passed="1" failed="0" skipped="0">
  <reporter-output>
  </reporter-output>
  <suite started-at="2023-02-09T08:24:36Z" name="Default suite" finished-at="2023-02-09T08:24:46Z" duration-ms="9484">
    <groups>
      <group name="cucumber">
        <method signature="AbstractTestNGCucumberTests.runScenario(io.cucumber.testng.PickleWrapper, io.cucumber.testng.FeatureWrapper)[pri:0, instance:mindq.cucumberframeworkDec.TestRunner@50378a4]" name="runScenario" class="io.cucumber.testng.AbstractTestNGCucumberTests"/>
      </group> <!-- cucumber -->
    </groups>
    <test started-at="2023-02-09T08:24:36Z" name="Default test" finished-at="2023-02-09T08:24:46Z" duration-ms="9484">
      <class name="mindq.cucumberframeworkDec.TestRunner">
        <test-method is-config="true" signature="setUpClass(org.testng.ITestContext)[pri:0, instance:mindq.cucumberframeworkDec.TestRunner@50378a4]" started-at="2023-02-09T13:54:36Z" name="setUpClass" finished-at="2023-02-09T13:54:36Z" duration-ms="399" status="PASS">
          <params>
            <param index="0">
              <value>
                <![CDATA[org.testng.TestRunner@67328bcb]]>
              </value>
            </param>
          </params>
          <reporter-output>
          </reporter-output>
        </test-method> <!-- setUpClass -->
        <test-method signature="runScenario(io.cucumber.testng.PickleWrapper, io.cucumber.testng.FeatureWrapper)[pri:0, instance:mindq.cucumberframeworkDec.TestRunner@50378a4]" started-at="2023-02-09T13:54:36Z" name="runScenario" description="Runs Cucumber Scenarios" data-provider="scenarios" finished-at="2023-02-09T13:54:45Z" duration-ms="8361" status="PASS">
          <params>
            <param index="0">
              <value>
                <![CDATA["User should be able to login successfully with valid data"]]>
              </value>
            </param>
            <param index="1">
              <value>
                <![CDATA["Optional[This feature is about login test cases]"]]>
              </value>
            </param>
          </params>
          <reporter-output>
          </reporter-output>
        </test-method> <!-- runScenario -->
        <test-method is-config="true" signature="tearDownClass()[pri:0, instance:mindq.cucumberframeworkDec.TestRunner@50378a4]" started-at="2023-02-09T13:54:45Z" name="tearDownClass" finished-at="2023-02-09T13:54:46Z" duration-ms="707" status="PASS">
          <reporter-output>
          </reporter-output>
        </test-method> <!-- tearDownClass -->
      </class> <!-- mindq.cucumberframeworkDec.TestRunner -->
    </test> <!-- Default test -->
  </suite> <!-- Default suite -->
</testng-results>
